<?xml version="1.0" encoding="UTF-8"?>
<!-- Generated by org.testng.reporters.JUnitReportReporter -->
<testsuite hostname="VSV" failures="0" tests="1" name="pkg.CABCUMULATIVETest" time="14.151" errors="0" timestamp="2024-08-01T13:00:19 IST" skipped="0">
  <testcase classname="pkg.CABCUMULATIVETest" name="CABCUMULATIVE" time="14.151"/>
</testsuite> <!-- pkg.CABCUMULATIVETest -->
