<?xml version="1.0" encoding="UTF-8"?>
<!-- Generated by org.testng.reporters.JUnitReportReporter -->
<testsuite hostname="VSV" failures="0" tests="1" name="safallitigation.ServicemattersTest" time="38.410" errors="0" timestamp="2024-08-06T14:00:04 IST" skipped="0">
  <testcase classname="safallitigation.ServicemattersTest" name="servicematterscasefiling" time="38.410"/>
</testsuite> <!-- safallitigation.ServicemattersTest -->
