<?xml version="1.0" encoding="UTF-8"?>
<!-- Generated by org.testng.reporters.JUnitReportReporter -->
<testsuite hostname="VSV" failures="0" tests="1" name="testngpackage.testngdemo" time="0.001" errors="0" timestamp="2024-07-19T11:51:16 IST" skipped="1">
  <testcase classname="testngpackage.testngdemo" name="testGoogleSearch" time="0.001">
    <skipped/>
  </testcase> <!-- testGoogleSearch -->
</testsuite> <!-- testngpackage.testngdemo -->
