<?xml version="1.0" encoding="UTF-8"?>
<!-- Generated by org.testng.reporters.JUnitReportReporter -->
<testsuite hostname="VSV" failures="0" tests="1" name="pkg.demoROrandom" time="51.521" errors="0" timestamp="2024-08-03T12:16:08 IST" skipped="0">
  <testcase classname="pkg.demoROrandom" name="testAddAdvocateonRO" time="51.521"/>
</testsuite> <!-- pkg.demoROrandom -->
