<?xml version="1.0" encoding="UTF-8"?>
<!-- Generated by org.testng.reporters.JUnitReportReporter -->
<testsuite hostname="VSV" failures="0" tests="2" name="safallitigation.Claimabnpa" time="152.146" errors="0" timestamp="2024-08-06T13:03:52 IST" skipped="0">
  <testcase classname="safallitigation.Claimabnpa" name="testaddclaimabnpa" time="93.923"/>
  <testcase classname="safallitigation.Claimabnpa" name="testBMapprove" time="58.223"/>
</testsuite> <!-- safallitigation.Claimabnpa -->
