<?xml version="1.0" encoding="UTF-8"?>
<!-- Generated by org.testng.reporters.JUnitReportReporter -->
<testsuite hostname="VSV" failures="0" tests="1" name="safallitigation.nf817addcase" time="42.083" errors="0" timestamp="2024-08-05T11:53:55 IST" skipped="0">
  <testcase classname="safallitigation.nf817addcase" name="testAddcommercial" time="42.083"/>
</testsuite> <!-- safallitigation.nf817addcase -->
