<?xml version="1.0" encoding="UTF-8"?>
<!-- Generated by org.testng.reporters.JUnitReportReporter -->
<testsuite hostname="VSV" failures="0" tests="1" name="testngpackage.Kvgb_npa_drt" time="47.693" errors="0" timestamp="2024-07-22T09:52:46 IST" skipped="0">
  <testcase classname="testngpackage.Kvgb_npa_drt" name="testkvgbnpacivilcourt" time="47.693"/>
</testsuite> <!-- testngpackage.Kvgb_npa_drt -->
