<?xml version="1.0" encoding="UTF-8"?>
<!-- Generated by org.testng.reporters.JUnitReportReporter -->
<testsuite hostname="VSV" failures="0" tests="5" name="safallitigation.nf607addcase" time="214.810" errors="0" timestamp="2024-08-06T16:52:14 IST" skipped="4">
  <testcase classname="safallitigation.nf607addcase" name="testAddNF607case" time="214.810"/>
  <testcase classname="safallitigation.nf607addcase" name="testNF607forwardtoCO">
    <skipped/>
  </testcase> <!-- testNF607forwardtoCO -->
  <testcase classname="safallitigation.nf607addcase" name="testNF607forwardtoRO">
    <skipped/>
  </testcase> <!-- testNF607forwardtoRO -->
  <testcase classname="safallitigation.nf607addcase" name="testNF607forwardtoHO">
    <skipped/>
  </testcase> <!-- testNF607forwardtoHO -->
  <testcase classname="safallitigation.nf607addcase" name="testNF607approveHO">
    <skipped/>
  </testcase> <!-- testNF607approveHO -->
</testsuite> <!-- safallitigation.nf607addcase -->
