<?xml version="1.0" encoding="UTF-8"?>
<!-- Generated by org.testng.reporters.JUnitReportReporter -->
<testsuite hostname="VSV" failures="0" tests="2" name="safallitigation.ClaimnonnpaDP" time="78.348" errors="0" timestamp="2024-08-02T15:32:52 IST" skipped="0">
  <testcase classname="safallitigation.ClaimnonnpaDP" name="testAddClaimAbnpa" time="39.979"/>
  <testcase classname="safallitigation.ClaimnonnpaDP" name="testAddClaimAbnpa" time="38.369"/>
</testsuite> <!-- safallitigation.ClaimnonnpaDP -->
