<?xml version="1.0" encoding="UTF-8"?>
<!-- Generated by org.testng.reporters.JUnitReportReporter -->
<testsuite hostname="VSV" failures="0" tests="4" name="testngpackage.Kvgb_npa" time="114.394" errors="0" timestamp="2024-07-17T17:55:20 IST" skipped="0">
  <testcase classname="testngpackage.Kvgb_npa" name="testkvgbnpacivilcourt" time="34.082"/>
  <testcase classname="testngpackage.Kvgb_npa" name="testkvgbnpacivilapproval" time="25.476"/>
  <testcase classname="testngpackage.Kvgb_npa" name="civilforwardtoho" time="27.670"/>
  <testcase classname="testngpackage.Kvgb_npa" name="civilho" time="27.166"/>
</testsuite> <!-- testngpackage.Kvgb_npa -->
