<?xml version="1.0" encoding="UTF-8"?>
<!-- Generated by org.testng.reporters.JUnitReportReporter -->
<testsuite hostname="VSV" failures="0" tests="1" name="safallitigation.revenuerecoveryaddcase" time="98.467" errors="0" timestamp="2024-08-03T11:07:05 IST" skipped="0">
  <testcase classname="safallitigation.revenuerecoveryaddcase" name="testAddAdvocateonRO" time="98.467"/>
</testsuite> <!-- safallitigation.revenuerecoveryaddcase -->
