<?xml version="1.0" encoding="UTF-8"?>
<!-- Generated by org.testng.reporters.JUnitReportReporter -->
<testsuite hostname="VSV" failures="0" tests="1" name="testngpackage.reportgenerationpgm" time="42.084" errors="0" timestamp="2024-08-09T17:12:38 IST" skipped="0">
  <testcase classname="testngpackage.reportgenerationpgm" name="testkvgbnpacivilcourt" time="42.084"/>
</testsuite> <!-- testngpackage.reportgenerationpgm -->
