<?xml version="1.0" encoding="UTF-8"?>
<!-- Generated by org.testng.reporters.JUnitReportReporter -->
<testsuite hostname="VSV" failures="0" tests="5" name="testngpackage.Advapproval" time="220.160" errors="0" timestamp="2024-07-23T11:35:21 IST" skipped="0">
  <testcase classname="testngpackage.Advapproval" name="testAddAdvocate" time="39.907"/>
  <testcase classname="testngpackage.Advapproval" name="testApprovalProcessofBM" time="44.050"/>
  <testcase classname="testngpackage.Advapproval" name="testApprovalProcessofRO" time="45.454"/>
  <testcase classname="testngpackage.Advapproval" name="testApprovalProcessofCO" time="43.448"/>
  <testcase classname="testngpackage.Advapproval" name="testApprovalProcessofHO" time="47.301"/>
</testsuite> <!-- testngpackage.Advapproval -->
