<?xml version="1.0" encoding="UTF-8"?>
<!-- Generated by org.testng.reporters.JUnitReportReporter -->
<testsuite hostname="VSV" failures="0" tests="1" name="testngpackage.Kvgb_npa_commercial" time="44.820" errors="0" timestamp="2024-07-20T11:40:31 IST" skipped="0">
  <testcase classname="testngpackage.Kvgb_npa_commercial" name="testkvgbnpacivilcourt" time="44.820"/>
</testsuite> <!-- testngpackage.Kvgb_npa_commercial -->
