<?xml version="1.0" encoding="UTF-8"?>
<!-- Generated by org.testng.reporters.JUnitReportReporter -->
<testsuite hostname="VSV" failures="0" tests="1" name="safallitigation.Clainabnonnpa" time="87.078" errors="0" timestamp="2024-08-06T12:56:53 IST" skipped="0">
  <testcase classname="safallitigation.Clainabnonnpa" name="testaddclaimabnpa" time="87.078"/>
</testsuite> <!-- safallitigation.Clainabnonnpa -->
