<?xml version="1.0" encoding="UTF-8"?>
<!-- Generated by org.testng.reporters.JUnitReportReporter -->
<testsuite hostname="VSV" failures="0" tests="1" name="pkg.npaaddcase" time="23.769" errors="0" timestamp="2024-08-01T10:10:10 IST" skipped="0">
  <testcase classname="pkg.npaaddcase" name="liti" time="23.769"/>
</testsuite> <!-- pkg.npaaddcase -->
